[35m[Appium][39m Welcome to Appium v2.5.1
[35m[Appium][39m Non-default server args:
[35m[Appium][39m { basePath: [32m'/wd/hub'[39m, loglevel: [32m'info'[39m, port: [33m57024[39m }
[35m[Appium][39m Attempting to load driver uiautomator2...
[35m[Appium][39m Attempting to load driver flutter...
[35m[Appium][39m Attempting to load driver xcuitest...
[Appium] Appium REST http interface listener started on http://0.0.0.0:57024/wd/hub
[Appium] You can provide the following URLs in your client code to connect to this server:
[Appium] 	http://127.0.0.1:57024/wd/hub (only accessible from the same host)
[Appium] 	http://192.168.69.133:57024/wd/hub
[Appium] 	http://169.254.102.9:57024/wd/hub
[Appium] Available drivers:
[Appium]   - uiautomator2@2.18.0 (automationName 'UiAutomator2')
[Appium]   - flutter@1.14.3 (automationName 'Flutter')
[Appium]   - xcuitest@5.7.0 (automationName 'XCUITest')
[Appium] No plugins have been installed. Use the "appium plugin" command to install the one(s) you want to use.
[38;5;0m[HTTP][0m [37m-->[39m [37mGET[39m [37m/wd/hub/status[39m
[38;5;0m[HTTP][0m {}
[38;5;0m[HTTP][0m <-- GET /wd/hub/status 200 8 ms - 110
[38;5;0m[HTTP][0m 
[38;5;0m[HTTP][0m [37m-->[39m [37mGET[39m [37m/wd/hub/status[39m
[38;5;0m[HTTP][0m {}
[38;5;0m[HTTP][0m <-- GET /wd/hub/status 200 2 ms - 110
[38;5;0m[HTTP][0m 
[38;5;0m[HTTP][0m [37m-->[39m [37mPOST[39m [37m/wd/hub/session[39m
[38;5;0m[HTTP][0m {"desiredCapabilities":{"appium:waitForAppScript":"true;","appium:udid":"00008030-001E2DA81A10C02E","appium:newCommandTimeout":1800,"appium:wdaLocalPort":57063,"appium:bundleId":"com.meesho.Meesho","appium:deviceName":"Mohit iPhone","platformName":"iOS","appium:automationName":"XCUITest","appium:platformVersion":"17.2.1"},"capabilities":{"firstMatch":[{"appium:automationName":"XCUITest","appium:bundleId":"com.meesho.Meesho","appium:deviceName":"Mohit iPhone","appium:newCommandTimeout":1800,"appium:platformVersion":"17.2.1","appium:udid":"00008030-001E2DA81A10C02E","appium:waitForAppScript":"true;","appium:wdaLocalPort":57063,"platformName":"ios"}]}}
[Appium] Attempting to find matching driver for automationName 'XCUITest' and platformName 'ios'
[Appium] The 'xcuitest' driver was installed and matched caps.
[Appium] Will require it at /Users/mohit/.appium/node_modules/appium-xcuitest-driver
[38;5;16m[AppiumDriver@88a3][0m Appium v2.5.1 creating new XCUITestDriver (v5.7.0) session
[38;5;16m[AppiumDriver@88a3][0m Checking BaseDriver versions for Appium and XCUITestDriver
[38;5;16m[AppiumDriver@88a3][0m Appium's BaseDriver version is 9.5.2
[38;5;16m[AppiumDriver@88a3][0m XCUITestDriver's BaseDriver version is 8.7.1
[38;5;32m[XCUITestDriver@fd8a][0m The following capabilities were provided, but are not recognized by Appium:
[38;5;32m[XCUITestDriver@fd8a][0m   waitForAppScript
[38;5;32m[XCUITestDriver@fd8a (7f99dbca)][0m Session created with session id: 7f99dbca-9324-4519-ba24-3f063ef8fd59
[38;5;32m[XCUITestDriver@fd8a (7f99dbca)][0m Determining device to run tests on: udid: '00008030-001E2DA81A10C02E', real device: true
[38;5;32m[XCUITestDriver@fd8a (7f99dbca)][0m Normalized platformVersion capability value '17.2.1' to '17.2'
[38;5;32m[XCUITestDriver@fd8a (7f99dbca)][0m Using WDA path: '/Users/mohit/.appium/node_modules/appium-xcuitest-driver/node_modules/appium-webdriveragent'
[38;5;32m[XCUITestDriver@fd8a (7f99dbca)][0m Using WDA agent: '/Users/mohit/.appium/node_modules/appium-xcuitest-driver/node_modules/appium-webdriveragent/WebDriverAgent.xcodeproj'
[38;5;32m[XCUITestDriver@fd8a (7f99dbca)][0m Setting up real device
[38;5;64m[DevCon Factory][0m Requesting connection for device 00008030-001E2DA81A10C02E on local port 57063, device port 57063
[38;5;64m[DevCon Factory][0m Successfully requested the connection for 00008030-001E2DA81A10C02E:57063
[38;5;80m[WD Proxy][0m socket hang up
[38;5;32m[XCUITestDriver@fd8a (7f99dbca)][0m Launching WebDriverAgent on the device
[38;5;32m[XCUITestDriver@fd8a (7f99dbca)][0m Cleaning up the WebDriverAgent project after the module upgrade has happened (5.0.0 < 5.11.0)
[38;5;32m[XCUITestDriver@fd8a (7f99dbca)][0m socket hang up
[38;5;32m[XCUITestDriver@fd8a (7f99dbca)][0m socket hang up
[38;5;32m[XCUITestDriver@fd8a (7f99dbca)][0m socket hang up
[38;5;32m[XCUITestDriver@fd8a (7f99dbca)][0m socket hang up
[38;5;32m[XCUITestDriver@fd8a (7f99dbca)][0m socket hang up
[38;5;32m[XCUITestDriver@fd8a (7f99dbca)][0m socket hang up
[38;5;32m[XCUITestDriver@fd8a (7f99dbca)][0m socket hang up
[38;5;32m[XCUITestDriver@fd8a (7f99dbca)][0m socket hang up
[38;5;32m[XCUITestDriver@fd8a (7f99dbca)][0m socket hang up
[38;5;32m[XCUITestDriver@fd8a (7f99dbca)][0m socket hang up
[38;5;32m[XCUITestDriver@fd8a (7f99dbca)][0m socket hang up
[38;5;32m[XCUITestDriver@fd8a (7f99dbca)][0m socket hang up
[38;5;32m[XCUITestDriver@fd8a (7f99dbca)][0m socket hang up
[38;5;32m[XCUITestDriver@fd8a (7f99dbca)][0m socket hang up
[38;5;32m[XCUITestDriver@fd8a (7f99dbca)][0m socket hang up
[38;5;32m[XCUITestDriver@fd8a (7f99dbca)][0m socket hang up
[38;5;32m[XCUITestDriver@fd8a (7f99dbca)][0m socket hang up
[38;5;32m[XCUITestDriver@fd8a (7f99dbca)][0m socket hang up
[38;5;32m[XCUITestDriver@fd8a (7f99dbca)][0m socket hang up
[38;5;32m[XCUITestDriver@fd8a (7f99dbca)][0m socket hang up
[38;5;32m[XCUITestDriver@fd8a (7f99dbca)][0m socket hang up
[38;5;32m[XCUITestDriver@fd8a (7f99dbca)][0m socket hang up
[38;5;32m[XCUITestDriver@fd8a (7f99dbca)][0m socket hang up
[38;5;32m[XCUITestDriver@fd8a (7f99dbca)][0m socket hang up
[38;5;32m[XCUITestDriver@fd8a (7f99dbca)][0m socket hang up
[38;5;32m[XCUITestDriver@fd8a (7f99dbca)][0m socket hang up
[38;5;32m[XCUITestDriver@fd8a (7f99dbca)][0m socket hang up
[38;5;32m[XCUITestDriver@fd8a (7f99dbca)][0m socket hang up
[38;5;32m[XCUITestDriver@fd8a (7f99dbca)][0m socket hang up
[38;5;32m[XCUITestDriver@fd8a (7f99dbca)][0m socket hang up
[38;5;32m[XCUITestDriver@fd8a (7f99dbca)][0m socket hang up
[38;5;32m[XCUITestDriver@fd8a (7f99dbca)][0m socket hang up
[38;5;32m[XCUITestDriver@fd8a (7f99dbca)][0m socket hang up
[38;5;32m[XCUITestDriver@fd8a (7f99dbca)][0m socket hang up
[38;5;32m[XCUITestDriver@fd8a (7f99dbca)][0m socket hang up
[38;5;32m[XCUITestDriver@fd8a (7f99dbca)][0m socket hang up
[38;5;32m[XCUITestDriver@fd8a (7f99dbca)][0m socket hang up
[38;5;32m[XCUITestDriver@fd8a (7f99dbca)][0m socket hang up
[38;5;32m[XCUITestDriver@fd8a (7f99dbca)][0m socket hang up
[38;5;32m[XCUITestDriver@fd8a (7f99dbca)][0m socket hang up
[38;5;32m[XCUITestDriver@fd8a (7f99dbca)][0m socket hang up
[38;5;32m[XCUITestDriver@fd8a (7f99dbca)][0m socket hang up
[38;5;32m[XCUITestDriver@fd8a (7f99dbca)][0m socket hang up
[38;5;32m[XCUITestDriver@fd8a (7f99dbca)][0m socket hang up
[38;5;32m[XCUITestDriver@fd8a (7f99dbca)][0m socket hang up
[38;5;32m[XCUITestDriver@fd8a (7f99dbca)][0m socket hang up
[38;5;32m[XCUITestDriver@fd8a (7f99dbca)][0m socket hang up
[38;5;32m[XCUITestDriver@fd8a (7f99dbca)][0m socket hang up
[38;5;32m[XCUITestDriver@fd8a (7f99dbca)][0m socket hang up
[38;5;32m[XCUITestDriver@fd8a (7f99dbca)][0m socket hang up
[38;5;32m[XCUITestDriver@fd8a (7f99dbca)][0m socket hang up
[38;5;32m[XCUITestDriver@fd8a (7f99dbca)][0m socket hang up
[38;5;32m[XCUITestDriver@fd8a (7f99dbca)][0m socket hang up
[38;5;32m[XCUITestDriver@fd8a (7f99dbca)][0m socket hang up
[38;5;32m[XCUITestDriver@fd8a (7f99dbca)][0m socket hang up
[38;5;32m[XCUITestDriver@fd8a (7f99dbca)][0m socket hang up
[38;5;32m[XCUITestDriver@fd8a (7f99dbca)][0m socket hang up
[38;5;32m[XCUITestDriver@fd8a (7f99dbca)][0m socket hang up
[38;5;32m[XCUITestDriver@fd8a (7f99dbca)][0m socket hang up
[38;5;32m[XCUITestDriver@fd8a (7f99dbca)][0m socket hang up
[38;5;32m[XCUITestDriver@fd8a (7f99dbca)][0m socket hang up
[38;5;32m[XCUITestDriver@fd8a (7f99dbca)][0m socket hang up
[38;5;32m[XCUITestDriver@fd8a (7f99dbca)][0m socket hang up
[38;5;32m[XCUITestDriver@fd8a (7f99dbca)][0m socket hang up
[38;5;32m[XCUITestDriver@fd8a (7f99dbca)][0m socket hang up
[38;5;32m[XCUITestDriver@fd8a (7f99dbca)][0m socket hang up
[38;5;32m[XCUITestDriver@fd8a (7f99dbca)][0m socket hang up
[38;5;32m[XCUITestDriver@fd8a (7f99dbca)][0m socket hang up
[38;5;32m[XCUITestDriver@fd8a (7f99dbca)][0m socket hang up
[38;5;32m[XCUITestDriver@fd8a (7f99dbca)][0m socket hang up
[38;5;32m[XCUITestDriver@fd8a (7f99dbca)][0m socket hang up
[38;5;32m[XCUITestDriver@fd8a (7f99dbca)][0m socket hang up
[38;5;32m[XCUITestDriver@fd8a (7f99dbca)][0m socket hang up
[38;5;32m[XCUITestDriver@fd8a (7f99dbca)][0m socket hang up
[38;5;32m[XCUITestDriver@fd8a (7f99dbca)][0m socket hang up
[38;5;32m[XCUITestDriver@fd8a (7f99dbca)][0m socket hang up
[38;5;32m[XCUITestDriver@fd8a (7f99dbca)][0m socket hang up
[38;5;32m[XCUITestDriver@fd8a (7f99dbca)][0m socket hang up
[38;5;32m[XCUITestDriver@fd8a (7f99dbca)][0m socket hang up
[38;5;32m[XCUITestDriver@fd8a (7f99dbca)][0m socket hang up
[38;5;32m[XCUITestDriver@fd8a (7f99dbca)][0m Determined the downstream protocol as 'W3C'
[38;5;16m[AppiumDriver@88a3][0m New XCUITestDriver session created successfully, session 7f99dbca-9324-4519-ba24-3f063ef8fd59 added to master session list
[38;5;0m[HTTP][0m <-- POST /wd/hub/session 200 89309 ms - 518
[38;5;0m[HTTP][0m 
[38;5;0m[HTTP][0m [37m-->[39m [37mGET[39m [37m/wd/hub/session/7f99dbca-9324-4519-ba24-3f063ef8fd59[39m
[38;5;0m[HTTP][0m {}
[38;5;0m[HTTP][0m <-- GET /wd/hub/session/7f99dbca-9324-4519-ba24-3f063ef8fd59 200 5 ms - 254
[38;5;0m[HTTP][0m 
[38;5;0m[HTTP][0m [37m-->[39m [37mGET[39m [37m/wd/hub/session/7f99dbca-9324-4519-ba24-3f063ef8fd59[39m
[38;5;0m[HTTP][0m {}
[38;5;0m[HTTP][0m <-- GET /wd/hub/session/7f99dbca-9324-4519-ba24-3f063ef8fd59 200 1 ms - 254
[38;5;0m[HTTP][0m 
[38;5;0m[HTTP][0m [37m-->[39m [37mGET[39m [37m/wd/hub/status[39m
[38;5;0m[HTTP][0m {}
[38;5;0m[HTTP][0m <-- GET /wd/hub/status 200 1 ms - 110
[38;5;0m[HTTP][0m 
[38;5;0m[HTTP][0m [37m-->[39m [37mPOST[39m [37m/wd/hub/session/7f99dbca-9324-4519-ba24-3f063ef8fd59/timeouts[39m
[38;5;0m[HTTP][0m {"implicit":60000}
[38;5;0m[HTTP][0m <-- POST /wd/hub/session/7f99dbca-9324-4519-ba24-3f063ef8fd59/timeouts 200 2 ms - 14
[38;5;0m[HTTP][0m 
[38;5;0m[HTTP][0m [37m-->[39m [37mPOST[39m [37m/wd/hub/session/7f99dbca-9324-4519-ba24-3f063ef8fd59/execute/sync[39m
[38;5;0m[HTTP][0m {"script":"mobile: deviceScreenInfo","args":[]}
[38;5;0m[HTTP][0m <-- POST /wd/hub/session/7f99dbca-9324-4519-ba24-3f063ef8fd59/execute/sync 200 225 ms - 63
[38;5;0m[HTTP][0m 
[38;5;0m[HTTP][0m [37m-->[39m [37mPOST[39m [37m/wd/hub/session/7f99dbca-9324-4519-ba24-3f063ef8fd59/execute/sync[39m
[38;5;0m[HTTP][0m {"script":"mobile: deviceScreenInfo","args":[]}
[38;5;0m[HTTP][0m <-- POST /wd/hub/session/7f99dbca-9324-4519-ba24-3f063ef8fd59/execute/sync 200 7 ms - 63
[38;5;0m[HTTP][0m 
[38;5;0m[HTTP][0m [37m-->[39m [37mPOST[39m [37m/wd/hub/session/7f99dbca-9324-4519-ba24-3f063ef8fd59/appium/device/activate_app[39m
[38;5;0m[HTTP][0m {"bundleId":"com.meesho.Meesho"}
[38;5;0m[HTTP][0m <-- POST /wd/hub/session/7f99dbca-9324-4519-ba24-3f063ef8fd59/appium/device/activate_app 200 622 ms - 14
[38;5;0m[HTTP][0m 
[38;5;0m[HTTP][0m [37m-->[39m [37mPOST[39m [37m/wd/hub/session/7f99dbca-9324-4519-ba24-3f063ef8fd59/execute/sync[39m
[38;5;0m[HTTP][0m {"script":"mobile: source","args":[{"format":"xml","excludedAttributes":"visible"}]}
[38;5;0m[HTTP][0m <-- POST /wd/hub/session/7f99dbca-9324-4519-ba24-3f063ef8fd59/execute/sync 200 5015 ms - 51735
[38;5;0m[HTTP][0m 
[38;5;0m[HTTP][0m [37m-->[39m [37mGET[39m [37m/wd/hub/session/7f99dbca-9324-4519-ba24-3f063ef8fd59/screenshot[39m
[38;5;0m[HTTP][0m {}
[38;5;0m[HTTP][0m <-- GET /wd/hub/session/7f99dbca-9324-4519-ba24-3f063ef8fd59/screenshot 200 220 ms - 908484
[38;5;0m[HTTP][0m 
[38;5;0m[HTTP][0m [37m-->[39m [37mPOST[39m [37m/wd/hub/session/7f99dbca-9324-4519-ba24-3f063ef8fd59/execute/sync[39m
[38;5;0m[HTTP][0m {"script":"mobile: source","args":[{"format":"xml","excludedAttributes":"visible"}]}
[38;5;0m[HTTP][0m <-- POST /wd/hub/session/7f99dbca-9324-4519-ba24-3f063ef8fd59/execute/sync 200 3774 ms - 45366
[38;5;0m[HTTP][0m 
[38;5;0m[HTTP][0m [37m-->[39m [37mGET[39m [37m/wd/hub/session/7f99dbca-9324-4519-ba24-3f063ef8fd59/screenshot[39m
[38;5;0m[HTTP][0m {}
[38;5;0m[HTTP][0m <-- GET /wd/hub/session/7f99dbca-9324-4519-ba24-3f063ef8fd59/screenshot 200 216 ms - 1253496
[38;5;0m[HTTP][0m 
[38;5;0m[HTTP][0m [37m-->[39m [37mPOST[39m [37m/wd/hub/session/7f99dbca-9324-4519-ba24-3f063ef8fd59/element[39m
[38;5;0m[HTTP][0m {"using":"xpath","value":"//*[@type = 'XCUIElementTypeImage']"}
[38;5;0m[HTTP][0m <-- POST /wd/hub/session/7f99dbca-9324-4519-ba24-3f063ef8fd59/element 200 1212 ms - 137
[38;5;0m[HTTP][0m 
[38;5;0m[HTTP][0m [37m-->[39m [37mGET[39m [37m/wd/hub/session/7f99dbca-9324-4519-ba24-3f063ef8fd59/window/rect[39m
[38;5;0m[HTTP][0m {}
[38;5;0m[HTTP][0m <-- GET /wd/hub/session/7f99dbca-9324-4519-ba24-3f063ef8fd59/window/rect 200 171 ms - 48
[38;5;0m[HTTP][0m 
[38;5;0m[HTTP][0m [37m-->[39m [37mPOST[39m [37m/wd/hub/session/7f99dbca-9324-4519-ba24-3f063ef8fd59/elements[39m
[38;5;0m[HTTP][0m {"using":"xpath","value":"//*[@type = 'XCUIElementTypeImage']"}
[38;5;0m[HTTP][0m <-- POST /wd/hub/session/7f99dbca-9324-4519-ba24-3f063ef8fd59/elements 200 3611 ms - 3083
[38;5;0m[HTTP][0m 
[38;5;0m[HTTP][0m [37m-->[39m [37mGET[39m [37m/wd/hub/session/7f99dbca-9324-4519-ba24-3f063ef8fd59/element/E6000000-0000-0000-3D08-000000000000/location[39m
[38;5;0m[HTTP][0m {}
[38;5;0m[HTTP][0m <-- GET /wd/hub/session/7f99dbca-9324-4519-ba24-3f063ef8fd59/element/E6000000-0000-0000-3D08-000000000000/location 200 132 ms - 26
[38;5;0m[HTTP][0m 
[38;5;0m[HTTP][0m [37m-->[39m [37mPOST[39m [37m/wd/hub/session/7f99dbca-9324-4519-ba24-3f063ef8fd59/element/E6000000-0000-0000-3D08-000000000000/click[39m
[38;5;0m[HTTP][0m {"id":"E6000000-0000-0000-3D08-000000000000"}
[38;5;32m[XCUITestDriver@fd8a (7f99dbca)][0m Driver proxy active, passing request on via HTTP proxy
[38;5;32m[XCUITestDriver@fd8a (7f99dbca)][0m Replacing sessionId 9CCC2D63-F173-48C5-B4A4-E6FE652A1F32 with 7f99dbca-9324-4519-ba24-3f063ef8fd59
[38;5;0m[HTTP][0m <-- POST /wd/hub/session/7f99dbca-9324-4519-ba24-3f063ef8fd59/element/E6000000-0000-0000-3D08-000000000000/click 200 1067 ms - 65
[38;5;0m[HTTP][0m 
[38;5;0m[HTTP][0m [37m-->[39m [37mPOST[39m [37m/wd/hub/session/7f99dbca-9324-4519-ba24-3f063ef8fd59/execute/sync[39m
[38;5;0m[HTTP][0m {"script":"mobile: source","args":[{"format":"xml","excludedAttributes":"visible"}]}
[38;5;0m[HTTP][0m <-- POST /wd/hub/session/7f99dbca-9324-4519-ba24-3f063ef8fd59/execute/sync 200 2561 ms - 27920
[38;5;0m[HTTP][0m 
[38;5;0m[HTTP][0m [37m-->[39m [37mGET[39m [37m/wd/hub/session/7f99dbca-9324-4519-ba24-3f063ef8fd59/screenshot[39m
[38;5;0m[HTTP][0m {}
[38;5;0m[HTTP][0m <-- GET /wd/hub/session/7f99dbca-9324-4519-ba24-3f063ef8fd59/screenshot 200 141 ms - 376956
[38;5;0m[HTTP][0m 
[38;5;0m[HTTP][0m [37m-->[39m [37mPOST[39m [37m/wd/hub/session/7f99dbca-9324-4519-ba24-3f063ef8fd59/execute/sync[39m
[38;5;0m[HTTP][0m {"script":"mobile: source","args":[{"format":"xml","excludedAttributes":"visible"}]}
[38;5;0m[HTTP][0m <-- POST /wd/hub/session/7f99dbca-9324-4519-ba24-3f063ef8fd59/execute/sync 200 4008 ms - 46055
[38;5;0m[HTTP][0m 
[38;5;0m[HTTP][0m [37m-->[39m [37mGET[39m [37m/wd/hub/session/7f99dbca-9324-4519-ba24-3f063ef8fd59/screenshot[39m
[38;5;0m[HTTP][0m {}
[38;5;0m[HTTP][0m <-- GET /wd/hub/session/7f99dbca-9324-4519-ba24-3f063ef8fd59/screenshot 200 225 ms - 1253824
[38;5;0m[HTTP][0m 
[38;5;0m[HTTP][0m [37m-->[39m [37mPOST[39m [37m/wd/hub/session/7f99dbca-9324-4519-ba24-3f063ef8fd59/timeouts[39m
[38;5;0m[HTTP][0m {"implicit":1000}
[38;5;0m[HTTP][0m <-- POST /wd/hub/session/7f99dbca-9324-4519-ba24-3f063ef8fd59/timeouts 200 2 ms - 14
[38;5;0m[HTTP][0m 
[38;5;0m[HTTP][0m [37m-->[39m [37mPOST[39m [37m/wd/hub/session/7f99dbca-9324-4519-ba24-3f063ef8fd59/elements[39m
[38;5;0m[HTTP][0m {"using":"xpath","value":"//*[@type = 'XCUIElementTypeImage']"}
[38;5;0m[HTTP][0m <-- POST /wd/hub/session/7f99dbca-9324-4519-ba24-3f063ef8fd59/elements 200 3625 ms - 3083
[38;5;0m[HTTP][0m 
[38;5;0m[HTTP][0m [37m-->[39m [37mGET[39m [37m/wd/hub/session/7f99dbca-9324-4519-ba24-3f063ef8fd59/element/E6000000-0000-0000-3D08-000000000000/location[39m
[38;5;0m[HTTP][0m {}
[38;5;0m[HTTP][0m <-- GET /wd/hub/session/7f99dbca-9324-4519-ba24-3f063ef8fd59/element/E6000000-0000-0000-3D08-000000000000/location 200 139 ms - 26
[38;5;0m[HTTP][0m 
[38;5;0m[HTTP][0m [37m-->[39m [37mGET[39m [37m/wd/hub/session/7f99dbca-9324-4519-ba24-3f063ef8fd59/element/E6000000-0000-0000-3D08-000000000000/size[39m
[38;5;0m[HTTP][0m {}
[38;5;0m[HTTP][0m <-- GET /wd/hub/session/7f99dbca-9324-4519-ba24-3f063ef8fd59/element/E6000000-0000-0000-3D08-000000000000/size 200 137 ms - 34
[38;5;0m[HTTP][0m 
[38;5;0m[HTTP][0m [37m-->[39m [37mGET[39m [37m/wd/hub/session/7f99dbca-9324-4519-ba24-3f063ef8fd59/element/E7000000-0000-0000-3D08-000000000000/location[39m
[38;5;0m[HTTP][0m {}
[38;5;0m[HTTP][0m <-- GET /wd/hub/session/7f99dbca-9324-4519-ba24-3f063ef8fd59/element/E7000000-0000-0000-3D08-000000000000/location 200 139 ms - 26
[38;5;0m[HTTP][0m 
[38;5;0m[HTTP][0m [37m-->[39m [37mGET[39m [37m/wd/hub/session/7f99dbca-9324-4519-ba24-3f063ef8fd59/element/E7000000-0000-0000-3D08-000000000000/size[39m
[38;5;0m[HTTP][0m {}
[38;5;0m[HTTP][0m <-- GET /wd/hub/session/7f99dbca-9324-4519-ba24-3f063ef8fd59/element/E7000000-0000-0000-3D08-000000000000/size 200 147 ms - 34
[38;5;0m[HTTP][0m 
[38;5;0m[HTTP][0m [37m-->[39m [37mGET[39m [37m/wd/hub/session/7f99dbca-9324-4519-ba24-3f063ef8fd59/element/0E010000-0000-0000-3D08-000000000000/location[39m
[38;5;0m[HTTP][0m {}
[38;5;0m[HTTP][0m <-- GET /wd/hub/session/7f99dbca-9324-4519-ba24-3f063ef8fd59/element/0E010000-0000-0000-3D08-000000000000/location 200 151 ms - 26
[38;5;0m[HTTP][0m 
[38;5;0m[HTTP][0m [37m-->[39m [37mGET[39m [37m/wd/hub/session/7f99dbca-9324-4519-ba24-3f063ef8fd59/element/0E010000-0000-0000-3D08-000000000000/size[39m
[38;5;0m[HTTP][0m {}
[38;5;0m[HTTP][0m <-- GET /wd/hub/session/7f99dbca-9324-4519-ba24-3f063ef8fd59/element/0E010000-0000-0000-3D08-000000000000/size 200 145 ms - 34
[38;5;0m[HTTP][0m 
[38;5;0m[HTTP][0m [37m-->[39m [37mGET[39m [37m/wd/hub/session/7f99dbca-9324-4519-ba24-3f063ef8fd59/element/11010000-0000-0000-3D08-000000000000/location[39m
[38;5;0m[HTTP][0m {}
[38;5;0m[HTTP][0m <-- GET /wd/hub/session/7f99dbca-9324-4519-ba24-3f063ef8fd59/element/11010000-0000-0000-3D08-000000000000/location 200 157 ms - 26
[38;5;0m[HTTP][0m 
[38;5;0m[HTTP][0m [37m-->[39m [37mGET[39m [37m/wd/hub/session/7f99dbca-9324-4519-ba24-3f063ef8fd59/element/11010000-0000-0000-3D08-000000000000/size[39m
[38;5;0m[HTTP][0m {}
[38;5;0m[HTTP][0m <-- GET /wd/hub/session/7f99dbca-9324-4519-ba24-3f063ef8fd59/element/11010000-0000-0000-3D08-000000000000/size 200 159 ms - 36
[38;5;0m[HTTP][0m 
[38;5;0m[HTTP][0m [37m-->[39m [37mGET[39m [37m/wd/hub/session/7f99dbca-9324-4519-ba24-3f063ef8fd59/element/13010000-0000-0000-3D08-000000000000/location[39m
[38;5;0m[HTTP][0m {}
[38;5;0m[HTTP][0m <-- GET /wd/hub/session/7f99dbca-9324-4519-ba24-3f063ef8fd59/element/13010000-0000-0000-3D08-000000000000/location 200 157 ms - 27
[38;5;0m[HTTP][0m 
[38;5;0m[HTTP][0m [37m-->[39m [37mGET[39m [37m/wd/hub/session/7f99dbca-9324-4519-ba24-3f063ef8fd59/element/13010000-0000-0000-3D08-000000000000/size[39m
[38;5;0m[HTTP][0m {}
[38;5;0m[HTTP][0m <-- GET /wd/hub/session/7f99dbca-9324-4519-ba24-3f063ef8fd59/element/13010000-0000-0000-3D08-000000000000/size 200 156 ms - 36
[38;5;0m[HTTP][0m 
[38;5;0m[HTTP][0m [37m-->[39m [37mGET[39m [37m/wd/hub/session/7f99dbca-9324-4519-ba24-3f063ef8fd59/element/15010000-0000-0000-3D08-000000000000/location[39m
[38;5;0m[HTTP][0m {}
[38;5;0m[HTTP][0m <-- GET /wd/hub/session/7f99dbca-9324-4519-ba24-3f063ef8fd59/element/15010000-0000-0000-3D08-000000000000/location 200 153 ms - 27
[38;5;0m[HTTP][0m 
[38;5;0m[HTTP][0m [37m-->[39m [37mGET[39m [37m/wd/hub/session/7f99dbca-9324-4519-ba24-3f063ef8fd59/element/15010000-0000-0000-3D08-000000000000/size[39m
[38;5;0m[HTTP][0m {}
[38;5;0m[HTTP][0m <-- GET /wd/hub/session/7f99dbca-9324-4519-ba24-3f063ef8fd59/element/15010000-0000-0000-3D08-000000000000/size 200 166 ms - 36
[38;5;0m[HTTP][0m 
[38;5;0m[HTTP][0m [37m-->[39m [37mGET[39m [37m/wd/hub/session/7f99dbca-9324-4519-ba24-3f063ef8fd59/element/22010000-0000-0000-3D08-000000000000/location[39m
[38;5;0m[HTTP][0m {}
[38;5;0m[HTTP][0m <-- GET /wd/hub/session/7f99dbca-9324-4519-ba24-3f063ef8fd59/element/22010000-0000-0000-3D08-000000000000/location 200 165 ms - 25
[38;5;0m[HTTP][0m 
[38;5;0m[HTTP][0m [37m-->[39m [37mGET[39m [37m/wd/hub/session/7f99dbca-9324-4519-ba24-3f063ef8fd59/element/22010000-0000-0000-3D08-000000000000/size[39m
[38;5;0m[HTTP][0m {}
[38;5;0m[HTTP][0m <-- GET /wd/hub/session/7f99dbca-9324-4519-ba24-3f063ef8fd59/element/22010000-0000-0000-3D08-000000000000/size 200 157 ms - 36
[38;5;0m[HTTP][0m 
[38;5;0m[HTTP][0m [37m-->[39m [37mGET[39m [37m/wd/hub/session/7f99dbca-9324-4519-ba24-3f063ef8fd59/element/2D010000-0000-0000-3D08-000000000000/location[39m
[38;5;0m[HTTP][0m {}
[38;5;0m[HTTP][0m <-- GET /wd/hub/session/7f99dbca-9324-4519-ba24-3f063ef8fd59/element/2D010000-0000-0000-3D08-000000000000/location 200 145 ms - 27
[38;5;0m[HTTP][0m 
[38;5;0m[HTTP][0m [37m-->[39m [37mGET[39m [37m/wd/hub/session/7f99dbca-9324-4519-ba24-3f063ef8fd59/element/2D010000-0000-0000-3D08-000000000000/size[39m
[38;5;0m[HTTP][0m {}
[38;5;0m[HTTP][0m <-- GET /wd/hub/session/7f99dbca-9324-4519-ba24-3f063ef8fd59/element/2D010000-0000-0000-3D08-000000000000/size 200 150 ms - 36
[38;5;0m[HTTP][0m 
[38;5;0m[HTTP][0m [37m-->[39m [37mGET[39m [37m/wd/hub/session/7f99dbca-9324-4519-ba24-3f063ef8fd59/element/38010000-0000-0000-3D08-000000000000/location[39m
[38;5;0m[HTTP][0m {}
[38;5;0m[HTTP][0m <-- GET /wd/hub/session/7f99dbca-9324-4519-ba24-3f063ef8fd59/element/38010000-0000-0000-3D08-000000000000/location 200 144 ms - 25
[38;5;0m[HTTP][0m 
[38;5;0m[HTTP][0m [37m-->[39m [37mGET[39m [37m/wd/hub/session/7f99dbca-9324-4519-ba24-3f063ef8fd59/element/38010000-0000-0000-3D08-000000000000/size[39m
[38;5;0m[HTTP][0m {}
[38;5;0m[HTTP][0m <-- GET /wd/hub/session/7f99dbca-9324-4519-ba24-3f063ef8fd59/element/38010000-0000-0000-3D08-000000000000/size 200 147 ms - 36
[38;5;0m[HTTP][0m 
[38;5;0m[HTTP][0m [37m-->[39m [37mGET[39m [37m/wd/hub/session/7f99dbca-9324-4519-ba24-3f063ef8fd59/element/43010000-0000-0000-3D08-000000000000/location[39m
[38;5;0m[HTTP][0m {}
[38;5;0m[HTTP][0m <-- GET /wd/hub/session/7f99dbca-9324-4519-ba24-3f063ef8fd59/element/43010000-0000-0000-3D08-000000000000/location 200 145 ms - 28
[38;5;0m[HTTP][0m 
[38;5;0m[HTTP][0m [37m-->[39m [37mGET[39m [37m/wd/hub/session/7f99dbca-9324-4519-ba24-3f063ef8fd59/element/43010000-0000-0000-3D08-000000000000/size[39m
[38;5;0m[HTTP][0m {}
[38;5;0m[HTTP][0m <-- GET /wd/hub/session/7f99dbca-9324-4519-ba24-3f063ef8fd59/element/43010000-0000-0000-3D08-000000000000/size 200 145 ms - 34
[38;5;0m[HTTP][0m 
[38;5;0m[HTTP][0m [37m-->[39m [37mGET[39m [37m/wd/hub/session/7f99dbca-9324-4519-ba24-3f063ef8fd59/element/44010000-0000-0000-3D08-000000000000/location[39m
[38;5;0m[HTTP][0m {}
[38;5;0m[HTTP][0m <-- GET /wd/hub/session/7f99dbca-9324-4519-ba24-3f063ef8fd59/element/44010000-0000-0000-3D08-000000000000/location 200 129 ms - 27
[38;5;0m[HTTP][0m 
[38;5;0m[HTTP][0m [37m-->[39m [37mGET[39m [37m/wd/hub/session/7f99dbca-9324-4519-ba24-3f063ef8fd59/element/44010000-0000-0000-3D08-000000000000/size[39m
[38;5;0m[HTTP][0m {}
[38;5;0m[HTTP][0m <-- GET /wd/hub/session/7f99dbca-9324-4519-ba24-3f063ef8fd59/element/44010000-0000-0000-3D08-000000000000/size 200 145 ms - 36
[38;5;0m[HTTP][0m 
[38;5;0m[HTTP][0m [37m-->[39m [37mGET[39m [37m/wd/hub/session/7f99dbca-9324-4519-ba24-3f063ef8fd59/element/4F010000-0000-0000-3D08-000000000000/location[39m
[38;5;0m[HTTP][0m {}
[38;5;0m[HTTP][0m <-- GET /wd/hub/session/7f99dbca-9324-4519-ba24-3f063ef8fd59/element/4F010000-0000-0000-3D08-000000000000/location 200 144 ms - 28
[38;5;0m[HTTP][0m 
[38;5;0m[HTTP][0m [37m-->[39m [37mGET[39m [37m/wd/hub/session/7f99dbca-9324-4519-ba24-3f063ef8fd59/element/4F010000-0000-0000-3D08-000000000000/size[39m
[38;5;0m[HTTP][0m {}
[38;5;0m[HTTP][0m <-- GET /wd/hub/session/7f99dbca-9324-4519-ba24-3f063ef8fd59/element/4F010000-0000-0000-3D08-000000000000/size 200 144 ms - 34
[38;5;0m[HTTP][0m 
[38;5;0m[HTTP][0m [37m-->[39m [37mGET[39m [37m/wd/hub/session/7f99dbca-9324-4519-ba24-3f063ef8fd59/element/51010000-0000-0000-3D08-000000000000/location[39m
[38;5;0m[HTTP][0m {}
[38;5;0m[HTTP][0m <-- GET /wd/hub/session/7f99dbca-9324-4519-ba24-3f063ef8fd59/element/51010000-0000-0000-3D08-000000000000/location 200 146 ms - 27
[38;5;0m[HTTP][0m 
[38;5;0m[HTTP][0m [37m-->[39m [37mGET[39m [37m/wd/hub/session/7f99dbca-9324-4519-ba24-3f063ef8fd59/element/51010000-0000-0000-3D08-000000000000/size[39m
[38;5;0m[HTTP][0m {}
[38;5;0m[HTTP][0m <-- GET /wd/hub/session/7f99dbca-9324-4519-ba24-3f063ef8fd59/element/51010000-0000-0000-3D08-000000000000/size 200 144 ms - 34
[38;5;0m[HTTP][0m 
[38;5;0m[HTTP][0m [37m-->[39m [37mGET[39m [37m/wd/hub/session/7f99dbca-9324-4519-ba24-3f063ef8fd59/element/5A010000-0000-0000-3D08-000000000000/location[39m
[38;5;0m[HTTP][0m {}
[38;5;0m[HTTP][0m <-- GET /wd/hub/session/7f99dbca-9324-4519-ba24-3f063ef8fd59/element/5A010000-0000-0000-3D08-000000000000/location 200 157 ms - 25
[38;5;0m[HTTP][0m 
[38;5;0m[HTTP][0m [37m-->[39m [37mGET[39m [37m/wd/hub/session/7f99dbca-9324-4519-ba24-3f063ef8fd59/element/5A010000-0000-0000-3D08-000000000000/size[39m
[38;5;0m[HTTP][0m {}
[38;5;0m[HTTP][0m <-- GET /wd/hub/session/7f99dbca-9324-4519-ba24-3f063ef8fd59/element/5A010000-0000-0000-3D08-000000000000/size 200 157 ms - 33
[38;5;0m[HTTP][0m 
[38;5;0m[HTTP][0m [37m-->[39m [37mGET[39m [37m/wd/hub/session/7f99dbca-9324-4519-ba24-3f063ef8fd59/element/60010000-0000-0000-3D08-000000000000/location[39m
[38;5;0m[HTTP][0m {}
[38;5;0m[HTTP][0m <-- GET /wd/hub/session/7f99dbca-9324-4519-ba24-3f063ef8fd59/element/60010000-0000-0000-3D08-000000000000/location 200 155 ms - 27
[38;5;0m[HTTP][0m 
[38;5;0m[HTTP][0m [37m-->[39m [37mGET[39m [37m/wd/hub/session/7f99dbca-9324-4519-ba24-3f063ef8fd59/element/60010000-0000-0000-3D08-000000000000/size[39m
[38;5;0m[HTTP][0m {}
[38;5;0m[HTTP][0m <-- GET /wd/hub/session/7f99dbca-9324-4519-ba24-3f063ef8fd59/element/60010000-0000-0000-3D08-000000000000/size 200 154 ms - 33
[38;5;0m[HTTP][0m 
[38;5;0m[HTTP][0m [37m-->[39m [37mGET[39m [37m/wd/hub/session/7f99dbca-9324-4519-ba24-3f063ef8fd59/element/65010000-0000-0000-3D08-000000000000/location[39m
[38;5;0m[HTTP][0m {}
[38;5;0m[HTTP][0m <-- GET /wd/hub/session/7f99dbca-9324-4519-ba24-3f063ef8fd59/element/65010000-0000-0000-3D08-000000000000/location 200 159 ms - 26
[38;5;0m[HTTP][0m 
[38;5;0m[HTTP][0m [37m-->[39m [37mGET[39m [37m/wd/hub/session/7f99dbca-9324-4519-ba24-3f063ef8fd59/element/65010000-0000-0000-3D08-000000000000/size[39m
[38;5;0m[HTTP][0m {}
[38;5;0m[HTTP][0m <-- GET /wd/hub/session/7f99dbca-9324-4519-ba24-3f063ef8fd59/element/65010000-0000-0000-3D08-000000000000/size 200 150 ms - 35
[38;5;0m[HTTP][0m 
[38;5;0m[HTTP][0m [37m-->[39m [37mGET[39m [37m/wd/hub/session/7f99dbca-9324-4519-ba24-3f063ef8fd59/element/6C010000-0000-0000-3D08-000000000000/location[39m
[38;5;0m[HTTP][0m {}
[38;5;0m[HTTP][0m <-- GET /wd/hub/session/7f99dbca-9324-4519-ba24-3f063ef8fd59/element/6C010000-0000-0000-3D08-000000000000/location 200 146 ms - 28
[38;5;0m[HTTP][0m 
[38;5;0m[HTTP][0m [37m-->[39m [37mGET[39m [37m/wd/hub/session/7f99dbca-9324-4519-ba24-3f063ef8fd59/element/6C010000-0000-0000-3D08-000000000000/size[39m
[38;5;0m[HTTP][0m {}
[38;5;0m[HTTP][0m <-- GET /wd/hub/session/7f99dbca-9324-4519-ba24-3f063ef8fd59/element/6C010000-0000-0000-3D08-000000000000/size 200 153 ms - 33
[38;5;0m[HTTP][0m 
[38;5;0m[HTTP][0m [37m-->[39m [37mGET[39m [37m/wd/hub/session/7f99dbca-9324-4519-ba24-3f063ef8fd59/element/78010000-0000-0000-3D08-000000000000/location[39m
[38;5;0m[HTTP][0m {}
[38;5;0m[HTTP][0m <-- GET /wd/hub/session/7f99dbca-9324-4519-ba24-3f063ef8fd59/element/78010000-0000-0000-3D08-000000000000/location 200 152 ms - 26
[38;5;0m[HTTP][0m 
[38;5;0m[HTTP][0m [37m-->[39m [37mGET[39m [37m/wd/hub/session/7f99dbca-9324-4519-ba24-3f063ef8fd59/element/78010000-0000-0000-3D08-000000000000/size[39m
[38;5;0m[HTTP][0m {}
[38;5;0m[HTTP][0m <-- GET /wd/hub/session/7f99dbca-9324-4519-ba24-3f063ef8fd59/element/78010000-0000-0000-3D08-000000000000/size 200 149 ms - 32
[38;5;0m[HTTP][0m 
[38;5;0m[HTTP][0m [37m-->[39m [37mGET[39m [37m/wd/hub/session/7f99dbca-9324-4519-ba24-3f063ef8fd59/element/7D010000-0000-0000-3D08-000000000000/location[39m
[38;5;0m[HTTP][0m {}
[38;5;0m[HTTP][0m <-- GET /wd/hub/session/7f99dbca-9324-4519-ba24-3f063ef8fd59/element/7D010000-0000-0000-3D08-000000000000/location 200 155 ms - 27
[38;5;0m[HTTP][0m 
[38;5;0m[HTTP][0m [37m-->[39m [37mGET[39m [37m/wd/hub/session/7f99dbca-9324-4519-ba24-3f063ef8fd59/element/7D010000-0000-0000-3D08-000000000000/size[39m
[38;5;0m[HTTP][0m {}
[38;5;0m[HTTP][0m <-- GET /wd/hub/session/7f99dbca-9324-4519-ba24-3f063ef8fd59/element/7D010000-0000-0000-3D08-000000000000/size 200 156 ms - 32
[38;5;0m[HTTP][0m 
[38;5;0m[HTTP][0m [37m-->[39m [37mGET[39m [37m/wd/hub/session/7f99dbca-9324-4519-ba24-3f063ef8fd59/element/83010000-0000-0000-3D08-000000000000/location[39m
[38;5;0m[HTTP][0m {}
[38;5;0m[HTTP][0m <-- GET /wd/hub/session/7f99dbca-9324-4519-ba24-3f063ef8fd59/element/83010000-0000-0000-3D08-000000000000/location 200 164 ms - 27
[38;5;0m[HTTP][0m 
[38;5;0m[HTTP][0m [37m-->[39m [37mGET[39m [37m/wd/hub/session/7f99dbca-9324-4519-ba24-3f063ef8fd59/element/83010000-0000-0000-3D08-000000000000/size[39m
[38;5;0m[HTTP][0m {}
[38;5;0m[HTTP][0m <-- GET /wd/hub/session/7f99dbca-9324-4519-ba24-3f063ef8fd59/element/83010000-0000-0000-3D08-000000000000/size 200 154 ms - 32
[38;5;0m[HTTP][0m 
[38;5;0m[HTTP][0m [37m-->[39m [37mGET[39m [37m/wd/hub/session/7f99dbca-9324-4519-ba24-3f063ef8fd59/element/88010000-0000-0000-3D08-000000000000/location[39m
[38;5;0m[HTTP][0m {}
[38;5;0m[HTTP][0m <-- GET /wd/hub/session/7f99dbca-9324-4519-ba24-3f063ef8fd59/element/88010000-0000-0000-3D08-000000000000/location 200 144 ms - 28
[38;5;0m[HTTP][0m 
[38;5;0m[HTTP][0m [37m-->[39m [37mGET[39m [37m/wd/hub/session/7f99dbca-9324-4519-ba24-3f063ef8fd59/element/88010000-0000-0000-3D08-000000000000/size[39m
[38;5;0m[HTTP][0m {}
[38;5;0m[HTTP][0m <-- GET /wd/hub/session/7f99dbca-9324-4519-ba24-3f063ef8fd59/element/88010000-0000-0000-3D08-000000000000/size 200 149 ms - 32
[38;5;0m[HTTP][0m 
[38;5;0m[HTTP][0m [37m-->[39m [37mGET[39m [37m/wd/hub/session/7f99dbca-9324-4519-ba24-3f063ef8fd59/element/89010000-0000-0000-3D08-000000000000/location[39m
[38;5;0m[HTTP][0m {}
[38;5;0m[HTTP][0m <-- GET /wd/hub/session/7f99dbca-9324-4519-ba24-3f063ef8fd59/element/89010000-0000-0000-3D08-000000000000/location 200 153 ms - 26
[38;5;0m[HTTP][0m 
[38;5;0m[HTTP][0m [37m-->[39m [37mGET[39m [37m/wd/hub/session/7f99dbca-9324-4519-ba24-3f063ef8fd59/element/89010000-0000-0000-3D08-000000000000/size[39m
[38;5;0m[HTTP][0m {}
[38;5;0m[HTTP][0m <-- GET /wd/hub/session/7f99dbca-9324-4519-ba24-3f063ef8fd59/element/89010000-0000-0000-3D08-000000000000/size 200 157 ms - 34
[38;5;0m[HTTP][0m 
[38;5;0m[HTTP][0m [37m-->[39m [37mGET[39m [37m/wd/hub/session/7f99dbca-9324-4519-ba24-3f063ef8fd59/element/8B010000-0000-0000-3D08-000000000000/location[39m
[38;5;0m[HTTP][0m {}
[38;5;0m[HTTP][0m <-- GET /wd/hub/session/7f99dbca-9324-4519-ba24-3f063ef8fd59/element/8B010000-0000-0000-3D08-000000000000/location 200 152 ms - 26
[38;5;0m[HTTP][0m 
[38;5;0m[HTTP][0m [37m-->[39m [37mGET[39m [37m/wd/hub/session/7f99dbca-9324-4519-ba24-3f063ef8fd59/element/8B010000-0000-0000-3D08-000000000000/size[39m
[38;5;0m[HTTP][0m {}
[38;5;0m[HTTP][0m <-- GET /wd/hub/session/7f99dbca-9324-4519-ba24-3f063ef8fd59/element/8B010000-0000-0000-3D08-000000000000/size 200 156 ms - 34
[38;5;0m[HTTP][0m 
[38;5;0m[HTTP][0m [37m-->[39m [37mGET[39m [37m/wd/hub/session/7f99dbca-9324-4519-ba24-3f063ef8fd59/element/8D010000-0000-0000-3D08-000000000000/location[39m
[38;5;0m[HTTP][0m {}
[38;5;0m[HTTP][0m <-- GET /wd/hub/session/7f99dbca-9324-4519-ba24-3f063ef8fd59/element/8D010000-0000-0000-3D08-000000000000/location 200 144 ms - 27
[38;5;0m[HTTP][0m 
[38;5;0m[HTTP][0m [37m-->[39m [37mGET[39m [37m/wd/hub/session/7f99dbca-9324-4519-ba24-3f063ef8fd59/element/8D010000-0000-0000-3D08-000000000000/size[39m
[38;5;0m[HTTP][0m {}
[38;5;0m[HTTP][0m <-- GET /wd/hub/session/7f99dbca-9324-4519-ba24-3f063ef8fd59/element/8D010000-0000-0000-3D08-000000000000/size 200 144 ms - 34
[38;5;0m[HTTP][0m 
[38;5;0m[HTTP][0m [37m-->[39m [37mPOST[39m [37m/wd/hub/session/7f99dbca-9324-4519-ba24-3f063ef8fd59/timeouts[39m
[38;5;0m[HTTP][0m {"implicit":1000}
[38;5;0m[HTTP][0m <-- POST /wd/hub/session/7f99dbca-9324-4519-ba24-3f063ef8fd59/timeouts 200 1 ms - 14
[38;5;0m[HTTP][0m 
[38;5;0m[HTTP][0m [37m-->[39m [37mPOST[39m [37m/wd/hub/session/7f99dbca-9324-4519-ba24-3f063ef8fd59/elements[39m
[38;5;0m[HTTP][0m {"using":"xpath","value":"//XCUIElementTypeApplication/XCUIElementTypeWindow[1]/XCUIElementTypeOther[1]/XCUIElementTypeOther[1]/XCUIElementTypeOther[1]/XCUIElementTypeOther[1]/XCUIElementTypeOther[1]/XCUIElementTypeOther[1]/XCUIElementTypeOther[1]/XCUIElementTypeOther[1]/XCUIElementTypeOther[1]/XCUIElementTypeOther[1]/XCUIElementTypeCollectionView[1]/XCUIElementTypeCell[6]/XCUIElementTypeOther[1]/XCUIElementTypeOther[1]/XCUIElementTypeImage[1]"}
[38;5;0m[HTTP][0m <-- POST /wd/hub/session/7f99dbca-9324-4519-ba24-3f063ef8fd59/elements 200 1242 ms - 139
[38;5;0m[HTTP][0m 
[38;5;0m[HTTP][0m [37m-->[39m [37mGET[39m [37m/wd/hub/session/7f99dbca-9324-4519-ba24-3f063ef8fd59/element/22010000-0000-0000-3D08-000000000000/location[39m
[38;5;0m[HTTP][0m {}
[38;5;0m[HTTP][0m <-- GET /wd/hub/session/7f99dbca-9324-4519-ba24-3f063ef8fd59/element/22010000-0000-0000-3D08-000000000000/location 200 149 ms - 25
[38;5;0m[HTTP][0m 
[38;5;0m[HTTP][0m [37m-->[39m [37mGET[39m [37m/wd/hub/session/7f99dbca-9324-4519-ba24-3f063ef8fd59/element/22010000-0000-0000-3D08-000000000000/size[39m
[38;5;0m[HTTP][0m {}
[38;5;0m[HTTP][0m <-- GET /wd/hub/session/7f99dbca-9324-4519-ba24-3f063ef8fd59/element/22010000-0000-0000-3D08-000000000000/size 200 143 ms - 36
[38;5;0m[HTTP][0m 
[38;5;0m[HTTP][0m [37m-->[39m [37mPOST[39m [37m/wd/hub/session/7f99dbca-9324-4519-ba24-3f063ef8fd59/timeouts[39m
[38;5;0m[HTTP][0m {"implicit":1000}
[38;5;0m[HTTP][0m <-- POST /wd/hub/session/7f99dbca-9324-4519-ba24-3f063ef8fd59/timeouts 200 2 ms - 14
[38;5;0m[HTTP][0m 
[38;5;0m[HTTP][0m [37m-->[39m [37mPOST[39m [37m/wd/hub/session/7f99dbca-9324-4519-ba24-3f063ef8fd59/elements[39m
[38;5;0m[HTTP][0m {"using":"xpath","value":"//XCUIElementTypeApplication/XCUIElementTypeWindow[1]//XCUIElementTypeCollectionView[1]/XCUIElementTypeCell[6]/XCUIElementTypeOther[1]/XCUIElementTypeOther[1]/XCUIElementTypeImage[1]"}
[38;5;0m[HTTP][0m <-- POST /wd/hub/session/7f99dbca-9324-4519-ba24-3f063ef8fd59/elements 200 1191 ms - 139
[38;5;0m[HTTP][0m 
[38;5;0m[HTTP][0m [37m-->[39m [37mGET[39m [37m/wd/hub/session/7f99dbca-9324-4519-ba24-3f063ef8fd59/element/22010000-0000-0000-3D08-000000000000/location[39m
[38;5;0m[HTTP][0m {}
[38;5;0m[HTTP][0m <-- GET /wd/hub/session/7f99dbca-9324-4519-ba24-3f063ef8fd59/element/22010000-0000-0000-3D08-000000000000/location 200 144 ms - 25
[38;5;0m[HTTP][0m 
[38;5;0m[HTTP][0m [37m-->[39m [37mGET[39m [37m/wd/hub/session/7f99dbca-9324-4519-ba24-3f063ef8fd59/element/22010000-0000-0000-3D08-000000000000/size[39m
[38;5;0m[HTTP][0m {}
[38;5;0m[HTTP][0m <-- GET /wd/hub/session/7f99dbca-9324-4519-ba24-3f063ef8fd59/element/22010000-0000-0000-3D08-000000000000/size 200 158 ms - 36
[38;5;0m[HTTP][0m 
[38;5;0m[HTTP][0m [37m-->[39m [37mPOST[39m [37m/wd/hub/session/7f99dbca-9324-4519-ba24-3f063ef8fd59/timeouts[39m
[38;5;0m[HTTP][0m {"implicit":1000}
[38;5;0m[HTTP][0m <-- POST /wd/hub/session/7f99dbca-9324-4519-ba24-3f063ef8fd59/timeouts 200 1 ms - 14
[38;5;0m[HTTP][0m 
[38;5;0m[HTTP][0m [37m-->[39m [37mPOST[39m [37m/wd/hub/session/7f99dbca-9324-4519-ba24-3f063ef8fd59/elements[39m
[38;5;0m[HTTP][0m {"using":"xpath","value":"//XCUIElementTypeApplication/XCUIElementTypeWindow[1]//XCUIElementTypeCollectionView[1]/XCUIElementTypeCell[6]/XCUIElementTypeOther[1]/XCUIElementTypeOther[1]/XCUIElementTypeImage[1]"}
[38;5;0m[HTTP][0m <-- POST /wd/hub/session/7f99dbca-9324-4519-ba24-3f063ef8fd59/elements 200 1195 ms - 139
[38;5;0m[HTTP][0m 
[38;5;0m[HTTP][0m [37m-->[39m [37mGET[39m [37m/wd/hub/session/7f99dbca-9324-4519-ba24-3f063ef8fd59/element/22010000-0000-0000-3D08-000000000000/location[39m
[38;5;0m[HTTP][0m {}
[38;5;0m[HTTP][0m <-- GET /wd/hub/session/7f99dbca-9324-4519-ba24-3f063ef8fd59/element/22010000-0000-0000-3D08-000000000000/location 200 146 ms - 25
[38;5;0m[HTTP][0m 
[38;5;0m[HTTP][0m [37m-->[39m [37mGET[39m [37m/wd/hub/session/7f99dbca-9324-4519-ba24-3f063ef8fd59/element/22010000-0000-0000-3D08-000000000000/size[39m
[38;5;0m[HTTP][0m {}
[38;5;0m[HTTP][0m <-- GET /wd/hub/session/7f99dbca-9324-4519-ba24-3f063ef8fd59/element/22010000-0000-0000-3D08-000000000000/size 200 138 ms - 36
[38;5;0m[HTTP][0m 
[38;5;0m[HTTP][0m [37m-->[39m [37mDELETE[39m [37m/wd/hub/session/7f99dbca-9324-4519-ba24-3f063ef8fd59[39m
[38;5;0m[HTTP][0m {}
[38;5;16m[AppiumDriver@88a3][0m Removing session 7f99dbca-9324-4519-ba24-3f063ef8fd59 from our master session list
[38;5;64m[DevCon Factory][0m Releasing connections for 00008030-001E2DA81A10C02E device on any port number
[38;5;64m[DevCon Factory][0m Found cached connections to release: ["00008030-001E2DA81A10C02E:57063"]
[38;5;64m[DevCon Factory][0m Releasing the listener for '00008030-001E2DA81A10C02E:57063'
[38;5;0m[HTTP][0m <-- DELETE /wd/hub/session/7f99dbca-9324-4519-ba24-3f063ef8fd59 200 1134 ms - 14
[38;5;0m[HTTP][0m 
[Appium] Received SIGTERM - shutting down
[38;5;0m[HTTP][0m Waiting until the server is closed
[38;5;0m[HTTP][0m Received server close event
